{
  "RSpec": {
    "coverage": {
      "/home/saasbook/final/app/controllers/application_controller.rb": [
        1,
        1,
        null
      ],
      "/home/saasbook/final/app/helpers/application_helper.rb": [
        1,
        null
      ],
      "/home/saasbook/final/app/helpers/sales_helper.rb": [
        1,
        null
      ],
      "/home/saasbook/final/app/controllers/sales_controller.rb": [
        1,
        null,
        null,
        1,
        3,
        3,
        null,
        3,
        3,
        3,
        null,
        null,
        null,
        null,
        null,
        1,
        1,
        null,
        1,
        1,
        1,
        null,
        null,
        null,
        null,
        null,
        1,
        1,
        null,
        1,
        1,
        1,
        null,
        null,
        null,
        null,
        1,
        1,
        null,
        null,
        null,
        null,
        1,
        3,
        null,
        3,
        3,
        6,
        3,
        null,
        0,
        0,
        null,
        null,
        null,
        null,
        null,
        null,
        1,
        2,
        null,
        2,
        2,
        4,
        2,
        null,
        0,
        0,
        null,
        null,
        null,
        null,
        null,
        null,
        1,
        2,
        2,
        null,
        2,
        4,
        2,
        null,
        null,
        null
      ],
      "/home/saasbook/final/app/models/sale.rb": [
        1,
        1,
        null,
        null,
        1,
        0,
        null,
        null,
        null,
        null
      ]
    },
    "timestamp": 1421000945
  }
}
